Removed Pin From Net: NetName=PWM1 Pin=R7-1
Removed Pin From Net: NetName=+12 Pin=R7-2
Removed Pin From Net: NetName=DIR1 Pin=R8-1
Removed Pin From Net: NetName=+12 Pin=R8-2
Removed Pin From Net: NetName=EN1 Pin=R9-1
Removed Pin From Net: NetName=+12 Pin=R9-2
Removed Pin From Net: NetName=PWM2 Pin=R18-1
Removed Pin From Net: NetName=+12 Pin=R18-2
Removed Pin From Net: NetName=DIR2 Pin=R19-1
Removed Pin From Net: NetName=+12 Pin=R19-2
Removed Pin From Net: NetName=EN2 Pin=R20-1
Removed Pin From Net: NetName=+12 Pin=R20-2
Removed Pin From Net: NetName=PWM3 Pin=R29-1
Removed Pin From Net: NetName=+12 Pin=R29-2
Removed Pin From Net: NetName=DIR3 Pin=R30-1
Removed Pin From Net: NetName=+12 Pin=R30-2
Removed Pin From Net: NetName=EN3 Pin=R31-1
Removed Pin From Net: NetName=+12 Pin=R31-2
Removed Member From Class: ClassName=ArduinoUnoShield Member=R7
Removed Member From Class: ClassName=ArduinoUnoShield Member=R8
Removed Member From Class: ClassName=ArduinoUnoShield Member=R9
Removed Member From Class: ClassName=ArduinoUnoShield Member=R18
Removed Member From Class: ClassName=ArduinoUnoShield Member=R19
Removed Member From Class: ClassName=ArduinoUnoShield Member=R20
Removed Member From Class: ClassName=ArduinoUnoShield Member=R29
Removed Member From Class: ClassName=ArduinoUnoShield Member=R30
Removed Member From Class: ClassName=ArduinoUnoShield Member=R31
